[2025-05-14 22:27:48] INFO: Starting Test Case 9: Search Product
[2025-05-14 22:27:51] INFO: Step 1: Browser launched successfully
[2025-05-14 22:27:51] INFO: Step 2: Navigating to automationexercise.com
[2025-05-14 22:28:17] INFO: Step 3: Verifying home page visibility
[2025-05-14 22:28:17] INFO: Step 4: Clicking on Products button
[2025-05-14 22:28:17] INFO: Clicking on Products button
[2025-05-14 22:28:18] INFO: Step 5: Verifying navigation to ALL PRODUCTS page
[2025-05-14 22:28:18] INFO: Verifying ALL PRODUCTS page
[2025-05-14 22:28:18] ERROR: Test Case 9: Search Product - FAILED
[2025-05-14 22:28:18] ERROR: Error details: Not on ALL PRODUCTS page
[2025-05-14 22:28:18] INFO: Cleaning up: Closing browser
[2025-05-14 22:31:31] INFO: Starting Test Case 9: Search Product
[2025-05-14 22:31:31] INFO: Step 1: Browser launched successfully
[2025-05-14 22:31:31] INFO: Step 2: Navigating to automationexercise.com
[2025-05-14 22:31:56] INFO: Step 3: Verifying home page visibility
[2025-05-14 22:31:56] INFO: Step 4: Clicking on Products button
[2025-05-14 22:31:56] INFO: Clicking on Products button
[2025-05-14 22:31:57] INFO: Step 5: Verifying navigation to ALL PRODUCTS page
[2025-05-14 22:31:57] INFO: Verifying ALL PRODUCTS page
[2025-05-14 22:31:58] ERROR: Test Case 9: Search Product - FAILED
[2025-05-14 22:31:58] ERROR: Error details: Not on ALL PRODUCTS page
[2025-05-14 22:31:58] INFO: Cleaning up: Closing browser
[2025-05-14 22:33:45] INFO: Starting Test Case 9: Search Product
[2025-05-14 22:33:46] INFO: Step 1: Browser launched successfully
[2025-05-14 22:33:46] INFO: Step 2: Navigating to automationexercise.com
[2025-05-14 22:34:16] ERROR: Test Case 9: Search Product - FAILED
[2025-05-14 22:34:16] ERROR: Error details: page.goto: Timeout 30000ms exceeded.
Call log:
[2m  - navigating to "http://automationexercise.com/", waiting until "load"[22m

[2025-05-14 22:34:16] INFO: Cleaning up: Closing browser
[2025-05-14 22:35:58] INFO: Starting Test Case 9: Search Product
[2025-05-14 22:35:59] INFO: Step 1: Browser launched successfully
[2025-05-14 22:35:59] INFO: Step 2: Navigating to automationexercise.com
[2025-05-14 22:36:29] ERROR: Test Case 9: Search Product - FAILED
[2025-05-14 22:36:29] ERROR: Error details: page.goto: Timeout 30000ms exceeded.
Call log:
[2m  - navigating to "http://automationexercise.com/", waiting until "load"[22m

[2025-05-14 22:36:29] INFO: Cleaning up: Closing browser
[2025-05-14 22:36:56] INFO: Starting Test Case 9: Search Product
[2025-05-14 22:36:57] INFO: Step 1: Browser launched successfully
[2025-05-14 22:36:57] INFO: Step 2: Navigating to automationexercise.com
[2025-05-14 22:37:27] ERROR: Test Case 9: Search Product - FAILED
[2025-05-14 22:37:27] ERROR: Error details: page.goto: Timeout 30000ms exceeded.
Call log:
[2m  - navigating to "http://automationexercise.com/", waiting until "load"[22m

[2025-05-14 22:37:27] INFO: Cleaning up: Closing browser
[2025-05-15 05:05:45] INFO: Starting Test Case 9: Search Product
[2025-05-15 05:05:47] INFO: Step 1: Browser launched successfully
[2025-05-15 05:05:47] INFO: Step 2: Navigating to automationexercise.com
[2025-05-15 05:06:16] INFO: Step 3: Verifying home page visibility
[2025-05-15 05:06:17] INFO: Step 4: Clicking on Products button
[2025-05-15 05:06:17] INFO: Clicking on Products button
[2025-05-15 05:06:19] INFO: Step 5: Verifying navigation to ALL PRODUCTS page
[2025-05-15 05:06:19] INFO: Verifying ALL PRODUCTS page
[2025-05-15 05:06:19] ERROR: Test Case 9: Search Product - FAILED
[2025-05-15 05:06:19] ERROR: Error details: title.includes is not a function
[2025-05-15 05:06:19] INFO: Cleaning up: Closing browser
[2025-05-15 05:07:06] INFO: Starting Test Case 9: Search Product
[2025-05-15 05:07:07] INFO: Step 1: Browser launched successfully
[2025-05-15 05:07:07] INFO: Step 2: Navigating to automationexercise.com
[2025-05-15 05:07:31] INFO: Step 3: Verifying home page visibility
[2025-05-15 05:07:31] INFO: Step 4: Clicking on Products button
[2025-05-15 05:07:31] INFO: Clicking on Products button
[2025-05-15 05:07:32] INFO: Step 5: Verifying navigation to ALL PRODUCTS page
[2025-05-15 05:07:32] INFO: Verifying ALL PRODUCTS page
[2025-05-15 05:07:32] ERROR: Test Case 9: Search Product - FAILED
[2025-05-15 05:07:32] ERROR: Error details: title.includes is not a function
[2025-05-15 05:07:32] INFO: Cleaning up: Closing browser
[2025-05-15 05:08:40] INFO: Starting Test Case 9: Search Product
[2025-05-15 05:08:42] INFO: Step 1: Browser launched successfully
[2025-05-15 05:08:42] INFO: Step 2: Navigating to automationexercise.com
[2025-05-15 05:09:08] INFO: Step 3: Verifying home page visibility
[2025-05-15 05:09:09] INFO: Step 4: Clicking on Products button
[2025-05-15 05:09:09] INFO: Clicking on Products button
[2025-05-15 05:09:11] INFO: Step 5: Verifying navigation to ALL PRODUCTS page
[2025-05-15 05:09:11] INFO: Verifying ALL PRODUCTS page
[2025-05-15 05:09:11] ERROR: Test Case 9: Search Product - FAILED
[2025-05-15 05:09:11] ERROR: Error details: title.includes is not a function
[2025-05-15 05:09:11] INFO: Cleaning up: Closing browser
[2025-05-15 05:11:40] INFO: Starting Test Case 9: Search Product
[2025-05-15 05:11:40] INFO: Step 1: Browser launched successfully
[2025-05-15 05:11:40] INFO: Step 2: Navigating to automationexercise.com
[2025-05-15 05:12:06] INFO: Step 3: Verifying home page visibility
[2025-05-15 05:12:07] INFO: Step 4: Clicking on Products button
[2025-05-15 05:12:07] INFO: Clicking on Products button
[2025-05-15 05:12:09] INFO: Step 5: Verifying navigation to ALL PRODUCTS page
[2025-05-15 05:12:09] INFO: Verifying ALL PRODUCTS page
[2025-05-15 05:12:09] ERROR: Test Case 9: Search Product - FAILED
[2025-05-15 05:12:09] ERROR: Error details: title.includes is not a function
[2025-05-15 05:12:09] INFO: Cleaning up: Closing browser
[2025-05-15 05:16:33] INFO: Starting Test Case 9: Search Product
[2025-05-15 05:16:34] INFO: Step 1: Browser launched successfully
[2025-05-15 05:16:34] INFO: Step 2: Navigating to automationexercise.com
[2025-05-15 05:17:02] INFO: Step 3: Verifying home page visibility
[2025-05-15 05:17:03] INFO: Step 4: Clicking on Products button
[2025-05-15 05:17:03] INFO: Clicking on Products button
[2025-05-15 05:17:05] INFO: Step 5: Verifying navigation to ALL PRODUCTS page
[2025-05-15 05:17:05] INFO: Verifying ALL PRODUCTS page
[2025-05-15 05:17:05] ERROR: Test Case 9: Search Product - FAILED
[2025-05-15 05:17:05] ERROR: Error details: title.includes is not a function
[2025-05-15 05:17:05] INFO: Cleaning up: Closing browser
[2025-05-15 05:17:45] INFO: Starting Test Case 9: Search Product
[2025-05-15 05:17:46] INFO: Step 1: Browser launched successfully
[2025-05-15 05:17:46] INFO: Step 2: Navigating to automationexercise.com
[2025-05-15 05:18:16] ERROR: Test Case 9: Search Product - FAILED
[2025-05-15 05:18:16] ERROR: Error details: page.goto: Timeout 30000ms exceeded.
Call log:
[2m  - navigating to "http://automationexercise.com/", waiting until "load"[22m

[2025-05-15 05:18:16] INFO: Cleaning up: Closing browser
[2025-05-15 05:18:21] INFO: Starting Test Case 9: Search Product
[2025-05-15 05:18:22] INFO: Step 1: Browser launched successfully
[2025-05-15 05:18:22] INFO: Step 2: Navigating to automationexercise.com
[2025-05-15 05:18:50] INFO: Step 3: Verifying home page visibility
[2025-05-15 05:18:51] INFO: Step 4: Clicking on Products button
[2025-05-15 05:18:51] INFO: Clicking on Products button
[2025-05-15 05:18:53] INFO: Step 5: Verifying navigation to ALL PRODUCTS page
[2025-05-15 05:18:53] INFO: Verifying ALL PRODUCTS page
[2025-05-15 05:18:53] ERROR: Test Case 9: Search Product - FAILED
[2025-05-15 05:18:53] ERROR: Error details: title.includes is not a function
[2025-05-15 05:18:53] INFO: Cleaning up: Closing browser
[2025-05-15 05:20:53] INFO: Starting Test Case 9: Search Product
[2025-05-15 05:20:54] INFO: Step 1: Browser launched successfully
[2025-05-15 05:20:54] INFO: Step 2: Navigating to automationexercise.com
[2025-05-15 05:21:20] INFO: Step 3: Verifying home page visibility
[2025-05-15 05:21:21] INFO: Step 4: Clicking on Products button
[2025-05-15 05:21:21] INFO: Clicking on Products button
[2025-05-15 05:21:23] INFO: Step 5: Verifying navigation to ALL PRODUCTS page
[2025-05-15 05:21:23] INFO: Verifying ALL PRODUCTS page
[2025-05-15 05:21:24] INFO: Successfully verified ALL PRODUCTS page
[2025-05-15 05:21:25] INFO: Step 6: Searching for product
[2025-05-15 05:21:25] INFO: Searching for product: Blue Top
[2025-05-15 05:21:28] INFO: Step 7: Verifying SEARCHED PRODUCTS visibility
[2025-05-15 05:21:28] INFO: Verifying SEARCHED PRODUCTS visibility
[2025-05-15 05:21:28] ERROR: Test Case 9: Search Product - FAILED
[2025-05-15 05:21:28] ERROR: Error details: title.includes is not a function
[2025-05-15 05:21:28] INFO: Cleaning up: Closing browser
[2025-05-15 05:22:25] INFO: Starting Test Case 9: Search Product
[2025-05-15 05:22:25] INFO: Step 1: Browser launched successfully
[2025-05-15 05:22:25] INFO: Step 2: Navigating to automationexercise.com
[2025-05-15 05:22:53] INFO: Step 3: Verifying home page visibility
[2025-05-15 05:22:54] INFO: Step 4: Clicking on Products button
[2025-05-15 05:22:54] INFO: Clicking on Products button
[2025-05-15 05:22:56] INFO: Step 5: Verifying navigation to ALL PRODUCTS page
[2025-05-15 05:22:56] INFO: Verifying ALL PRODUCTS page
[2025-05-15 05:22:58] INFO: Successfully verified ALL PRODUCTS page
[2025-05-15 05:22:59] INFO: Step 6: Searching for product
[2025-05-15 05:22:59] INFO: Searching for product: Blue Top
[2025-05-15 05:23:01] INFO: Step 7: Verifying SEARCHED PRODUCTS visibility
[2025-05-15 05:23:01] INFO: Verifying SEARCHED PRODUCTS visibility
[2025-05-15 05:23:02] INFO: Successfully verified SEARCHED PRODUCTS visibility
[2025-05-15 05:23:03] INFO: Step 8: Verifying searched products list
[2025-05-15 05:23:03] INFO: Verifying searched products list
[2025-05-15 05:23:03] INFO: Found 1 products in search results
[2025-05-15 05:23:03] INFO: Test Case 9: Search Product - PASSED
[2025-05-15 05:23:03] INFO: Cleaning up: Closing browser
[2025-05-15 05:36:05] INFO: Starting Test Case 23: Verify address details in checkout page
[2025-05-15 05:36:05] INFO: Step 1: Browser launched successfully
[2025-05-15 05:36:05] INFO: Step 2: Navigating to automationexercise.com
[2025-05-15 05:36:35] ERROR: Test Case 23: Verify address details in checkout page - FAILED
[2025-05-15 05:36:35] ERROR: Error details: page.goto: Timeout 30000ms exceeded.
Call log:
[2m  - navigating to "http://automationexercise.com/", waiting until "load"[22m

[2025-05-15 05:36:35] INFO: Cleaning up: Closing browser
[2025-05-15 05:36:42] INFO: Starting Test Case 23: Verify address details in checkout page
[2025-05-15 05:36:42] INFO: Step 1: Browser launched successfully
[2025-05-15 05:36:42] INFO: Step 2: Navigating to automationexercise.com
[2025-05-15 05:37:07] INFO: Step 3: Verifying home page visibility
[2025-05-15 05:37:07] INFO: Step 4: Clicking Signup/Login button
[2025-05-15 05:37:07] INFO: Step 5: Filling signup details
[2025-05-15 05:37:07] INFO: Starting signup process
[2025-05-15 05:37:10] INFO: Signup process completed
[2025-05-15 05:37:10] INFO: Step 6: Verifying account creation
[2025-05-15 05:37:10] INFO: Verifying account creation
[2025-05-15 05:37:12] INFO: Account creation verified successfully
[2025-05-15 05:37:12] INFO: Step 7: Verifying logged in status
[2025-05-15 05:37:12] INFO: Verifying logged in as Test User
[2025-05-15 05:37:15] INFO: Successfully verified logged in status
[2025-05-15 05:37:15] INFO: Step 8: Adding products to cart
[2025-05-15 05:37:15] INFO: Clicking on Products button
[2025-05-15 05:37:47] ERROR: Test Case 23: Verify address details in checkout page - FAILED
[2025-05-15 05:37:47] ERROR: Error details: page.hover: Timeout 30000ms exceeded.
Call log:
[2m  - waiting for locator('.features_items .productinfo:nth-child(2)')[22m

[2025-05-15 05:37:47] INFO: Cleaning up: Closing browser
[2025-05-15 05:41:58] INFO: Starting Test Case 23: Verify address details in checkout page
[2025-05-15 05:41:59] INFO: Step 1: Browser launched successfully
[2025-05-15 05:41:59] INFO: Step 2: Navigating to automationexercise.com
[2025-05-15 05:42:24] INFO: Step 3: Verifying home page visibility
[2025-05-15 05:42:25] INFO: Step 4: Clicking Signup/Login button
[2025-05-15 05:42:25] INFO: Step 5: Filling signup details
[2025-05-15 05:42:25] INFO: Starting signup process
[2025-05-15 05:42:28] INFO: Signup process completed
[2025-05-15 05:42:28] INFO: Step 6: Verifying account creation
[2025-05-15 05:42:28] INFO: Verifying account creation
[2025-05-15 05:42:29] INFO: Account creation verified successfully
[2025-05-15 05:42:29] INFO: Step 7: Verifying logged in status
[2025-05-15 05:42:29] INFO: Verifying logged in as Test User
[2025-05-15 05:42:31] INFO: Successfully verified logged in status
[2025-05-15 05:42:31] INFO: Step 8: Adding products to cart
[2025-05-15 05:42:32] INFO: Step 9: Clicking Cart button
[2025-05-15 05:42:32] INFO: Clicking Cart button
[2025-05-15 05:42:33] INFO: Step 10: Verifying cart page
[2025-05-15 05:42:33] INFO: Verifying cart page display
[2025-05-15 05:42:33] INFO: Cart page verified successfully
[2025-05-15 05:42:33] INFO: Step 11: Proceeding to checkout
[2025-05-15 05:42:33] INFO: Clicking Proceed To Checkout button
[2025-05-15 05:43:03] ERROR: Test Case 23: Verify address details in checkout page - FAILED
[2025-05-15 05:43:03] ERROR: Error details: page.click: Timeout 30000ms exceeded.
Call log:
[2m  - waiting for locator('a[href="/checkout"]')[22m

[2025-05-15 05:43:03] INFO: Cleaning up: Closing browser
[2025-05-15 05:47:18] INFO: Starting Test Case 23: Verify address details in checkout page
[2025-05-15 05:47:19] INFO: Step 1: Browser launched successfully
[2025-05-15 05:47:19] INFO: Step 2: Navigating to automationexercise.com
[2025-05-15 05:47:44] INFO: Step 3: Verifying home page visibility
[2025-05-15 05:47:44] INFO: Step 4: Clicking Signup/Login button
[2025-05-15 05:47:44] INFO: Step 5: Filling signup details
[2025-05-15 05:47:47] INFO: Signup process completed
[2025-05-15 05:47:47] INFO: Step 6: Verifying account creation
[2025-05-15 05:47:48] INFO: Account creation verified successfully
[2025-05-15 05:47:48] INFO: Step 7: Verifying logged in status
[2025-05-15 05:47:48] INFO: Verifying logged in as Test User
[2025-05-15 05:47:49] INFO: Successfully verified logged in status
[2025-05-15 05:47:49] INFO: Step 8: Adding products to cart
[2025-05-15 05:47:51] INFO: Step 9: Clicking Cart button
[2025-05-15 05:47:51] INFO: Clicking Cart button
[2025-05-15 05:47:51] INFO: Step 10: Verifying cart page
[2025-05-15 05:47:51] INFO: Verifying cart page display
[2025-05-15 05:47:52] INFO: Cart page verified successfully
[2025-05-15 05:47:52] INFO: Step 11: Proceeding to checkout
[2025-05-15 05:47:52] INFO: Clicking Proceed To Checkout button
[2025-05-15 05:48:22] ERROR: Test Case 23: Verify address details in checkout page - FAILED
[2025-05-15 05:48:22] ERROR: Error details: page.click: Timeout 30000ms exceeded.
Call log:
[2m  - waiting for locator('a[href="/checkout"]')[22m

[2025-05-15 05:48:22] INFO: Cleaning up: Closing browser
[2025-05-15 05:49:52] INFO: Starting Test Case 23: Verify address details in checkout page
[2025-05-15 05:49:53] INFO: Step 1: Browser launched successfully
[2025-05-15 05:49:53] INFO: Step 2: Navigating to automationexercise.com
[2025-05-15 05:50:17] INFO: Step 3: Verifying home page visibility
[2025-05-15 05:50:17] INFO: Step 4: Clicking Signup/Login button
[2025-05-15 05:50:18] INFO: Step 5: Filling signup details
[2025-05-15 05:50:20] INFO: Signup process completed
[2025-05-15 05:50:20] INFO: Step 6: Verifying account creation
[2025-05-15 05:50:21] INFO: Account creation verified successfully
[2025-05-15 05:50:21] INFO: Step 7: Verifying logged in status
[2025-05-15 05:50:21] INFO: Verifying logged in as Test User
[2025-05-15 05:50:22] INFO: Successfully verified logged in status
[2025-05-15 05:50:22] INFO: Step 8: Adding products to cart
[2025-05-15 05:50:24] INFO: Step 9: Clicking Cart button
[2025-05-15 05:50:24] INFO: Clicking Cart button
[2025-05-15 05:50:25] INFO: Step 10: Verifying cart page
[2025-05-15 05:50:25] INFO: Verifying cart page display
[2025-05-15 05:50:25] INFO: Cart page verified successfully
[2025-05-15 05:50:25] INFO: Step 11: Proceeding to checkout
[2025-05-15 05:50:26] INFO: Step 12: Verifying delivery address
[2025-05-15 05:50:26] ERROR: Test Case 23: Verify address details in checkout page - FAILED
[2025-05-15 05:50:26] ERROR: Error details: Delivery address mismatch. Expected: Los Angeles California 90001, Found: 
							Your delivery address
							Mr. Test User
							Test Company
							123 Test Street
							Apt 4B
							Los Angeles California
								90001
							United States
							1234567890
						
[2025-05-15 05:50:26] INFO: Cleaning up: Closing browser
[2025-05-15 05:58:20] INFO: Starting Test Case 23: Verify address details in checkout page
[2025-05-15 05:58:21] INFO: Step 1: Browser launched successfully
[2025-05-15 05:58:21] INFO: Step 2: Navigating to automationexercise.com
[2025-05-15 05:58:45] INFO: Step 3: Verifying home page visibility
[2025-05-15 05:58:45] INFO: Step 4: Clicking Signup/Login button
[2025-05-15 05:58:46] INFO: Step 5: Filling signup details
[2025-05-15 05:58:48] INFO: Signup process completed
[2025-05-15 05:58:48] INFO: Step 6: Verifying account creation
[2025-05-15 05:58:49] INFO: Account creation verified successfully
[2025-05-15 05:58:49] INFO: Step 7: Verifying logged in status
[2025-05-15 05:58:49] INFO: Verifying logged in as Test User
[2025-05-15 05:58:51] INFO: Successfully verified logged in status
[2025-05-15 05:58:51] INFO: Step 8: Adding products to cart
[2025-05-15 05:58:52] INFO: Step 9: Clicking Cart button
[2025-05-15 05:58:52] INFO: Clicking Cart button
[2025-05-15 05:58:53] INFO: Step 10: Verifying cart page
[2025-05-15 05:58:53] INFO: Verifying cart page display
[2025-05-15 05:58:53] INFO: Cart page verified successfully
[2025-05-15 05:58:53] INFO: Step 11: Proceeding to checkout
[2025-05-15 05:58:54] INFO: Step 12: Verifying delivery address
[2025-05-15 05:58:55] INFO: Step 13: Verifying billing address
[2025-05-15 05:58:55] INFO: Verifying billing address
[2025-05-15 05:58:55] ERROR: Test Case 23: Verify address details in checkout page - FAILED
[2025-05-15 05:58:55] ERROR: Error details: Billing address mismatch. Expected: Los Angeles California 90001, Found: 
							Your billing address
							Mr. Test User
							Test Company
							123 Test Street
							Apt 4B
							Los Angeles California
								90001
							United States
							1234567890
						
[2025-05-15 05:58:55] INFO: Cleaning up: Closing browser
[2025-05-15 06:03:20] INFO: Starting Test Case 23: Verify address details in checkout page
[2025-05-15 06:03:21] INFO: Step 1: Browser launched successfully
[2025-05-15 06:03:21] INFO: Step 2: Navigating to automationexercise.com
[2025-05-15 06:03:45] INFO: Step 3: Verifying home page visibility
[2025-05-15 06:03:45] INFO: Step 4: Clicking Signup/Login button
[2025-05-15 06:03:47] INFO: Step 5: Filling signup details
[2025-05-15 06:03:49] INFO: Signup process completed
[2025-05-15 06:03:49] INFO: Step 6: Verifying account creation
[2025-05-15 06:03:50] INFO: Account creation verified successfully
[2025-05-15 06:03:50] INFO: Step 7: Verifying logged in status
[2025-05-15 06:03:50] INFO: Verifying logged in as Test User
[2025-05-15 06:03:51] INFO: Successfully verified logged in status
[2025-05-15 06:03:51] INFO: Step 8: Adding products to cart
[2025-05-15 06:03:52] INFO: Step 9: Clicking Cart button
[2025-05-15 06:03:52] INFO: Clicking Cart button
[2025-05-15 06:03:53] INFO: Step 10: Verifying cart page
[2025-05-15 06:03:53] INFO: Verifying cart page display
[2025-05-15 06:03:53] INFO: Cart page verified successfully
[2025-05-15 06:03:53] INFO: Step 11: Proceeding to checkout
[2025-05-15 06:03:54] INFO: Step 12: Verifying delivery address
[2025-05-15 06:03:55] INFO: Step 13: Verifying billing address
[2025-05-15 06:03:55] INFO: Verifying billing address
[2025-05-15 06:03:55] ERROR: Test Case 23: Verify address details in checkout page - FAILED
[2025-05-15 06:03:55] ERROR: Error details: Billing address mismatch. Expected: Los Angeles California 90001, Found: 
							Your billing address
							Mr. Test User
							Test Company
							123 Test Street
							Apt 4B
							Los Angeles California
								90001
							United States
							1234567890
						
[2025-05-15 06:03:55] INFO: Cleaning up: Closing browser
[2025-05-15 06:05:22] INFO: Starting Test Case 23: Verify address details in checkout page
[2025-05-15 06:05:23] INFO: Step 1: Browser launched successfully
[2025-05-15 06:05:23] INFO: Step 2: Navigating to automationexercise.com
[2025-05-15 06:05:47] INFO: Step 3: Verifying home page visibility
[2025-05-15 06:05:47] INFO: Step 4: Clicking Signup/Login button
[2025-05-15 06:05:47] INFO: Step 5: Filling signup details
[2025-05-15 06:05:50] INFO: Signup process completed
[2025-05-15 06:05:50] INFO: Step 6: Verifying account creation
[2025-05-15 06:05:51] INFO: Account creation verified successfully
[2025-05-15 06:05:51] INFO: Step 7: Verifying logged in status
[2025-05-15 06:05:51] INFO: Verifying logged in as Test User
[2025-05-15 06:05:53] INFO: Successfully verified logged in status
[2025-05-15 06:05:53] INFO: Step 8: Adding products to cart
[2025-05-15 06:05:54] INFO: Step 9: Clicking Cart button
[2025-05-15 06:05:54] INFO: Clicking Cart button
[2025-05-15 06:05:55] INFO: Step 10: Verifying cart page
[2025-05-15 06:05:55] INFO: Verifying cart page display
[2025-05-15 06:05:55] INFO: Cart page verified successfully
[2025-05-15 06:05:55] INFO: Step 11: Proceeding to checkout
[2025-05-15 06:05:56] INFO: Step 12: Verifying delivery address
[2025-05-15 06:05:56] INFO: Step 13: Verifying billing address
[2025-05-15 06:05:56] INFO: Verifying billing address
[2025-05-15 06:05:56] ERROR: Test Case 23: Verify address details in checkout page - FAILED
[2025-05-15 06:05:56] ERROR: Error details: Billing address mismatch. Expected: Los Angeles California 90001, Found: 
							Your billing address
							Mr. Test User
							Test Company
							123 Test Street
							Apt 4B
							Los Angeles California
								90001
							United States
							1234567890
						
[2025-05-15 06:05:56] INFO: Cleaning up: Closing browser
[2025-05-15 06:07:45] INFO: Starting Test Case 23: Verify address details in checkout page
[2025-05-15 06:07:46] INFO: Step 1: Browser launched successfully
[2025-05-15 06:07:46] INFO: Step 2: Navigating to automationexercise.com
[2025-05-15 06:08:10] INFO: Step 3: Verifying home page visibility
[2025-05-15 06:08:10] INFO: Step 4: Clicking Signup/Login button
[2025-05-15 06:08:11] INFO: Step 5: Filling signup details
[2025-05-15 06:08:13] INFO: Signup process completed
[2025-05-15 06:08:13] INFO: Step 6: Verifying account creation
[2025-05-15 06:08:14] INFO: Account creation verified successfully
[2025-05-15 06:08:14] INFO: Step 7: Verifying logged in status
[2025-05-15 06:08:14] INFO: Verifying logged in as Test User
[2025-05-15 06:08:15] INFO: Successfully verified logged in status
[2025-05-15 06:08:15] INFO: Step 8: Adding products to cart
[2025-05-15 06:08:16] INFO: Step 9: Clicking Cart button
[2025-05-15 06:08:16] INFO: Clicking Cart button
[2025-05-15 06:08:17] INFO: Step 10: Verifying cart page
[2025-05-15 06:08:17] INFO: Verifying cart page display
[2025-05-15 06:08:17] INFO: Cart page verified successfully
[2025-05-15 06:08:17] INFO: Step 11: Proceeding to checkout
[2025-05-15 06:08:18] INFO: Step 12: Verifying delivery address
[2025-05-15 06:08:19] INFO: Step 13: Verifying billing address
[2025-05-15 06:08:19] INFO: Verifying billing address
[2025-05-15 06:08:19] ERROR: Test Case 23: Verify address details in checkout page - FAILED
[2025-05-15 06:08:19] ERROR: Error details: Billing address mismatch. Expected: Los Angeles California 90001, Found: 
							Your billing address
							Mr. Test User
							Test Company
							123 Test Street
							Apt 4B
							Los Angeles California
								90001
							United States
							1234567890
						
[2025-05-15 06:08:19] INFO: Cleaning up: Closing browser
[2025-05-15 06:10:49] INFO: Starting Test Case 23: Verify address details in checkout page
[2025-05-15 06:10:50] INFO: Step 1: Browser launched successfully
[2025-05-15 06:10:50] INFO: Step 2: Navigating to automationexercise.com
[2025-05-15 06:11:15] INFO: Step 3: Verifying home page visibility
[2025-05-15 06:11:16] INFO: Step 4: Clicking Signup/Login button
[2025-05-15 06:11:17] INFO: Step 5: Filling signup details
[2025-05-15 06:11:19] INFO: Signup process completed
[2025-05-15 06:11:19] INFO: Step 6: Verifying account creation
[2025-05-15 06:11:20] INFO: Account creation verified successfully
[2025-05-15 06:11:20] INFO: Step 7: Verifying logged in status
[2025-05-15 06:11:20] INFO: Verifying logged in as Test User
[2025-05-15 06:11:21] INFO: Successfully verified logged in status
[2025-05-15 06:11:21] INFO: Step 8: Adding products to cart
[2025-05-15 06:11:24] INFO: Step 9: Clicking Cart button
[2025-05-15 06:11:24] INFO: Clicking Cart button
[2025-05-15 06:11:25] INFO: Step 10: Verifying cart page
[2025-05-15 06:11:25] INFO: Verifying cart page display
[2025-05-15 06:11:25] INFO: Cart page verified successfully
[2025-05-15 06:11:25] INFO: Step 11: Proceeding to checkout
[2025-05-15 06:11:25] INFO: Step 12: Verifying delivery address
[2025-05-15 06:11:26] INFO: Step 13: Verifying billing address
[2025-05-15 06:11:26] INFO: Verifying billing address
[2025-05-15 06:11:26] ERROR: Test Case 23: Verify address details in checkout page - FAILED
[2025-05-15 06:11:26] ERROR: Error details: Billing address mismatch. Expected: Los Angeles California 90001, Found: 
							Your billing address
							Mr. Test User
							Test Company
							123 Test Street
							Apt 4B
							Los Angeles California
								90001
							United States
							1234567890
						
[2025-05-15 06:11:26] INFO: Cleaning up: Closing browser
[2025-05-15 06:13:07] INFO: Starting Test Case 23: Verify address details in checkout page
[2025-05-15 06:13:08] INFO: Step 1: Browser launched successfully
[2025-05-15 06:13:08] INFO: Step 2: Navigating to automationexercise.com
[2025-05-15 06:13:32] INFO: Step 3: Verifying home page visibility
[2025-05-15 06:13:32] INFO: Step 4: Clicking Signup/Login button
[2025-05-15 06:13:33] INFO: Step 5: Filling signup details
[2025-05-15 06:13:35] INFO: Signup process completed
[2025-05-15 06:13:35] INFO: Step 6: Verifying account creation
[2025-05-15 06:13:36] INFO: Account creation verified successfully
[2025-05-15 06:13:36] INFO: Step 7: Verifying logged in status
[2025-05-15 06:13:36] INFO: Verifying logged in as Test User
[2025-05-15 06:13:38] INFO: Successfully verified logged in status
[2025-05-15 06:13:38] INFO: Step 8: Adding products to cart
[2025-05-15 06:13:40] INFO: Step 9: Clicking Cart button
[2025-05-15 06:13:40] INFO: Clicking Cart button
[2025-05-15 06:13:40] INFO: Step 10: Verifying cart page
[2025-05-15 06:13:40] INFO: Verifying cart page display
[2025-05-15 06:13:41] INFO: Cart page verified successfully
[2025-05-15 06:13:41] INFO: Step 11: Proceeding to checkout
[2025-05-15 06:13:41] INFO: Step 12: Verifying delivery address
[2025-05-15 06:13:41] ERROR: Test Case 23: Verify address details in checkout page - FAILED
[2025-05-15 06:13:41] ERROR: Error details: ‚ùå Address mismatch.
Expected:
Test User
Test Company
123 Test Street
Apt 4B
Los Angeles California 90001
United States
1234567890
Found:
Mr. Test User
Test Company
123 Test Street
Apt 4B
Los Angeles California 90001
United States
1234567890
[2025-05-15 06:13:41] INFO: Cleaning up: Closing browser
[2025-05-15 06:15:50] INFO: Starting Test Case 23: Verify address details in checkout page
[2025-05-15 06:15:51] INFO: Step 1: Browser launched successfully
[2025-05-15 06:15:51] INFO: Step 2: Navigating to automationexercise.com
[2025-05-15 06:16:16] INFO: Step 3: Verifying home page visibility
[2025-05-15 06:16:16] INFO: Step 4: Clicking Signup/Login button
[2025-05-15 06:16:17] INFO: Step 5: Filling signup details
[2025-05-15 06:16:19] INFO: Signup process completed
[2025-05-15 06:16:19] INFO: Step 6: Verifying account creation
[2025-05-15 06:16:20] INFO: Account creation verified successfully
[2025-05-15 06:16:20] INFO: Step 7: Verifying logged in status
[2025-05-15 06:16:20] INFO: Verifying logged in as Test User
[2025-05-15 06:16:21] INFO: Successfully verified logged in status
[2025-05-15 06:16:21] INFO: Step 8: Adding products to cart
[2025-05-15 06:16:23] INFO: Step 9: Clicking Cart button
[2025-05-15 06:16:23] INFO: Clicking Cart button
[2025-05-15 06:16:23] INFO: Step 10: Verifying cart page
[2025-05-15 06:16:23] INFO: Verifying cart page display
[2025-05-15 06:16:24] INFO: Cart page verified successfully
[2025-05-15 06:16:24] INFO: Step 11: Proceeding to checkout
[2025-05-15 06:16:24] INFO: Step 12: Verifying delivery address
[2025-05-15 06:16:24] ERROR: Test Case 23: Verify address details in checkout page - FAILED
[2025-05-15 06:16:24] ERROR: Error details: ‚ùå Address mismatch.
Expected:
Test User
Test Company
123 Test Street
Apt 4B
Los Angeles California 90001
United States
1234567890
Found:
Mr. Test User
Test Company
123 Test Street
Apt 4B
Los Angeles California 90001
United States
1234567890
[2025-05-15 06:16:24] INFO: Cleaning up: Closing browser
[2025-05-15 06:18:06] INFO: Starting Test Case 23: Verify address details in checkout page
[2025-05-15 06:18:06] INFO: Step 1: Browser launched successfully
[2025-05-15 06:18:06] INFO: Step 2: Navigating to automationexercise.com
[2025-05-15 06:18:31] INFO: Step 3: Verifying home page visibility
[2025-05-15 06:18:31] INFO: Step 4: Clicking Signup/Login button
[2025-05-15 06:18:32] INFO: Step 5: Filling signup details
[2025-05-15 06:18:34] INFO: Signup process completed
[2025-05-15 06:18:34] INFO: Step 6: Verifying account creation
[2025-05-15 06:18:36] INFO: Account creation verified successfully
[2025-05-15 06:18:36] INFO: Step 7: Verifying logged in status
[2025-05-15 06:18:36] INFO: Verifying logged in as Test User
[2025-05-15 06:18:37] INFO: Successfully verified logged in status
[2025-05-15 06:18:37] INFO: Step 8: Adding products to cart
[2025-05-15 06:18:38] INFO: Step 9: Clicking Cart button
[2025-05-15 06:18:38] INFO: Clicking Cart button
[2025-05-15 06:18:39] INFO: Step 10: Verifying cart page
[2025-05-15 06:18:39] INFO: Verifying cart page display
[2025-05-15 06:18:39] INFO: Cart page verified successfully
[2025-05-15 06:18:39] INFO: Step 11: Proceeding to checkout
[2025-05-15 06:18:40] INFO: Step 12: Verifying delivery address
[2025-05-15 06:18:41] INFO: Step 13: Verifying billing address
[2025-05-15 06:18:41] INFO: Verifying billing address
[2025-05-15 06:18:41] ERROR: Test Case 23: Verify address details in checkout page - FAILED
[2025-05-15 06:18:41] ERROR: Error details: Billing address mismatch. Expected: Los Angeles California 90001, Found: 
							Your billing address
							Mr. Test User
							Test Company
							123 Test Street
							Apt 4B
							Los Angeles California
								90001
							United States
							1234567890
						
[2025-05-15 06:18:41] INFO: Cleaning up: Closing browser
[2025-05-15 06:20:17] INFO: Starting Test Case 23: Verify address details in checkout page
[2025-05-15 06:20:17] INFO: Step 1: Browser launched successfully
[2025-05-15 06:20:17] INFO: Step 2: Navigating to automationexercise.com
[2025-05-15 06:20:41] INFO: Step 3: Verifying home page visibility
[2025-05-15 06:20:41] INFO: Step 4: Clicking Signup/Login button
[2025-05-15 06:20:42] INFO: Step 5: Filling signup details
[2025-05-15 06:20:44] INFO: Signup process completed
[2025-05-15 06:20:44] INFO: Step 6: Verifying account creation
[2025-05-15 06:20:45] INFO: Account creation verified successfully
[2025-05-15 06:20:45] INFO: Step 7: Verifying logged in status
[2025-05-15 06:20:45] INFO: Verifying logged in as Test User
[2025-05-15 06:20:46] INFO: Successfully verified logged in status
[2025-05-15 06:20:46] INFO: Step 8: Adding products to cart
[2025-05-15 06:20:49] INFO: Step 9: Clicking Cart button
[2025-05-15 06:20:49] INFO: Clicking Cart button
[2025-05-15 06:20:49] INFO: Step 10: Verifying cart page
[2025-05-15 06:20:49] INFO: Verifying cart page display
[2025-05-15 06:20:50] INFO: Cart page verified successfully
[2025-05-15 06:20:50] INFO: Step 11: Proceeding to checkout
[2025-05-15 06:20:50] INFO: Step 12: Verifying delivery address
[2025-05-15 06:20:50] INFO: Step 13: Verifying billing address
[2025-05-15 06:20:50] INFO: Verifying billing address
[2025-05-15 06:20:50] ERROR: Test Case 23: Verify address details in checkout page - FAILED
[2025-05-15 06:20:50] ERROR: Error details: Billing address mismatch. Expected: Los Angeles California 90001, Found: 
							Your billing address
							Mr. Test User
							Test Company
							123 Test Street
							Apt 4B
							Los Angeles California
								90001
							United States
							1234567890
						
[2025-05-15 06:20:50] INFO: Cleaning up: Closing browser
[2025-05-15 06:23:27] INFO: Starting Test Case 23: Verify address details in checkout page
[2025-05-15 06:23:28] INFO: Step 1: Browser launched successfully
[2025-05-15 06:23:28] INFO: Step 2: Navigating to automationexercise.com
[2025-05-15 06:23:53] INFO: Step 3: Verifying home page visibility
[2025-05-15 06:23:53] INFO: Step 4: Clicking Signup/Login button
[2025-05-15 06:23:53] INFO: Step 5: Filling signup details
[2025-05-15 06:23:55] INFO: Signup process completed
[2025-05-15 06:23:55] INFO: Step 6: Verifying account creation
[2025-05-15 06:23:57] INFO: Account creation verified successfully
[2025-05-15 06:23:57] INFO: Step 7: Verifying logged in status
[2025-05-15 06:23:57] INFO: Verifying logged in as Test User
[2025-05-15 06:23:58] INFO: Successfully verified logged in status
[2025-05-15 06:23:58] INFO: Step 8: Adding products to cart
[2025-05-15 06:24:00] INFO: Step 9: Clicking Cart button
[2025-05-15 06:24:00] INFO: Clicking Cart button
[2025-05-15 06:24:01] INFO: Step 10: Verifying cart page
[2025-05-15 06:24:01] INFO: Verifying cart page display
[2025-05-15 06:24:01] INFO: Cart page verified successfully
[2025-05-15 06:24:01] INFO: Step 11: Proceeding to checkout
[2025-05-15 06:24:01] INFO: Step 12: Verifying delivery address
[2025-05-15 06:24:03] INFO: Step 13: Verifying billing address
[2025-05-15 06:24:03] INFO: Verifying billing address
[2025-05-15 06:24:03] ERROR: Test Case 23: Verify address details in checkout page - FAILED
[2025-05-15 06:24:03] ERROR: Error details: Billing address mismatch. Expected: Los Angeles California 90001, Found: 
							Your billing address
							Mr. Test User
							Test Company
							123 Test Street
							Apt 4B
							Los Angeles California
								90001
							United States
							1234567890
						
[2025-05-15 06:24:03] INFO: Cleaning up: Closing browser
[2025-05-15 06:26:13] INFO: Starting Test Case 23: Verify address details in checkout page
[2025-05-15 06:26:13] INFO: Step 1: Browser launched successfully
[2025-05-15 06:26:13] INFO: Step 2: Navigating to automationexercise.com
[2025-05-15 06:26:37] INFO: Step 3: Verifying home page visibility
[2025-05-15 06:26:37] INFO: Step 4: Clicking Signup/Login button
[2025-05-15 06:26:38] INFO: Step 5: Filling signup details
[2025-05-15 06:26:40] INFO: Signup process completed
[2025-05-15 06:26:40] INFO: Step 6: Verifying account creation
[2025-05-15 06:26:41] INFO: Account creation verified successfully
[2025-05-15 06:26:41] INFO: Step 7: Verifying logged in status
[2025-05-15 06:26:41] INFO: Verifying logged in as Test User
[2025-05-15 06:26:43] INFO: Successfully verified logged in status
[2025-05-15 06:26:43] INFO: Step 8: Adding products to cart
[2025-05-15 06:26:45] INFO: Step 9: Clicking Cart button
[2025-05-15 06:26:45] INFO: Clicking Cart button
[2025-05-15 06:26:46] INFO: Step 10: Verifying cart page
[2025-05-15 06:26:46] INFO: Verifying cart page display
[2025-05-15 06:26:46] INFO: Cart page verified successfully
[2025-05-15 06:26:46] INFO: Step 11: Proceeding to checkout
[2025-05-15 06:26:47] INFO: Step 12: Verifying delivery address
[2025-05-15 06:26:47] ERROR: Test Case 23: Verify address details in checkout page - FAILED
[2025-05-15 06:26:47] ERROR: Error details: checkoutPage.verifyDeliveryAddress is not a function
[2025-05-15 06:26:47] INFO: Cleaning up: Closing browser
[2025-05-15 06:27:45] INFO: Starting Test Case 23: Verify address details in checkout page
[2025-05-15 06:27:45] INFO: Step 1: Browser launched successfully
[2025-05-15 06:27:45] INFO: Step 2: Navigating to automationexercise.com
[2025-05-15 06:28:09] INFO: Step 3: Verifying home page visibility
[2025-05-15 06:28:09] INFO: Step 4: Clicking Signup/Login button
[2025-05-15 06:28:10] INFO: Step 5: Filling signup details
[2025-05-15 06:28:13] INFO: Signup process completed
[2025-05-15 06:28:13] INFO: Step 6: Verifying account creation
[2025-05-15 06:28:14] INFO: Account creation verified successfully
[2025-05-15 06:28:14] INFO: Step 7: Verifying logged in status
[2025-05-15 06:28:14] INFO: Verifying logged in as Test User
[2025-05-15 06:28:15] INFO: Successfully verified logged in status
[2025-05-15 06:28:15] INFO: Step 8: Adding products to cart
[2025-05-15 06:28:16] INFO: Step 9: Clicking Cart button
[2025-05-15 06:28:16] INFO: Clicking Cart button
[2025-05-15 06:28:17] INFO: Step 10: Verifying cart page
[2025-05-15 06:28:17] INFO: Verifying cart page display
[2025-05-15 06:28:17] INFO: Cart page verified successfully
[2025-05-15 06:28:17] INFO: Step 11: Proceeding to checkout
[2025-05-15 06:28:18] INFO: Step 12: Verifying delivery address
[2025-05-15 06:28:19] INFO: Step 13: Verifying billing address
[2025-05-15 06:28:19] INFO: Verifying billing address
[2025-05-15 06:28:19] ERROR: Test Case 23: Verify address details in checkout page - FAILED
[2025-05-15 06:28:19] ERROR: Error details: Billing address mismatch. Expected: Los Angeles California 90001, Found: 
							Your billing address
							Mr. Test User
							Test Company
							123 Test Street
							Apt 4B
							Los Angeles California
								90001
							United States
							1234567890
						
[2025-05-15 06:28:19] INFO: Cleaning up: Closing browser
[2025-05-15 06:29:57] INFO: Starting Test Case 23: Verify address details in checkout page
[2025-05-15 06:29:58] INFO: Step 1: Browser launched successfully
[2025-05-15 06:29:58] INFO: Step 2: Navigating to automationexercise.com
[2025-05-15 06:30:01] INFO: Step 3: Verifying home page visibility
[2025-05-15 06:30:01] INFO: Step 4: Clicking Signup/Login button
[2025-05-15 06:30:02] INFO: Step 5: Filling signup details
[2025-05-15 06:30:05] INFO: Signup process completed
[2025-05-15 06:30:05] INFO: Step 6: Verifying account creation
[2025-05-15 06:30:06] INFO: Account creation verified successfully
[2025-05-15 06:30:06] INFO: Step 7: Verifying logged in status
[2025-05-15 06:30:06] INFO: Verifying logged in as Test User
[2025-05-15 06:30:07] INFO: Successfully verified logged in status
[2025-05-15 06:30:07] INFO: Step 8: Adding products to cart
[2025-05-15 06:30:09] INFO: Step 9: Clicking Cart button
[2025-05-15 06:30:09] INFO: Clicking Cart button
[2025-05-15 06:30:09] INFO: Step 10: Verifying cart page
[2025-05-15 06:30:09] INFO: Verifying cart page display
[2025-05-15 06:30:10] INFO: Cart page verified successfully
[2025-05-15 06:30:10] INFO: Step 11: Proceeding to checkout
[2025-05-15 06:30:10] INFO: Step 12: Verifying delivery address
[2025-05-15 06:30:10] ERROR: Test Case 23: Verify address details in checkout page - FAILED
[2025-05-15 06:30:10] ERROR: Error details: ‚ùå Billing address mismatch.
Expected:
test user test company 123 test street apt 4b los angeles california 90001 united states 1234567890

Found:
mr. test user test company 123 test street apt 4b los angeles california 90001 united states 1234567890
[2025-05-15 06:30:10] INFO: Cleaning up: Closing browser
[2025-05-15 06:31:44] INFO: Starting Test Case 23: Verify address details in checkout page
[2025-05-15 06:31:45] INFO: Step 1: Browser launched successfully
[2025-05-15 06:31:45] INFO: Step 2: Navigating to automationexercise.com
[2025-05-15 06:32:11] INFO: Step 3: Verifying home page visibility
[2025-05-15 06:32:11] INFO: Step 4: Clicking Signup/Login button
[2025-05-15 06:32:12] INFO: Step 5: Filling signup details
[2025-05-15 06:32:15] INFO: Signup process completed
[2025-05-15 06:32:15] INFO: Step 6: Verifying account creation
[2025-05-15 06:32:16] INFO: Account creation verified successfully
[2025-05-15 06:32:16] INFO: Step 7: Verifying logged in status
[2025-05-15 06:32:16] INFO: Verifying logged in as Test User
[2025-05-15 06:32:17] INFO: Successfully verified logged in status
[2025-05-15 06:32:17] INFO: Step 8: Adding products to cart
[2025-05-15 06:32:18] INFO: Step 9: Clicking Cart button
[2025-05-15 06:32:18] INFO: Clicking Cart button
[2025-05-15 06:32:19] INFO: Step 10: Verifying cart page
[2025-05-15 06:32:19] INFO: Verifying cart page display
[2025-05-15 06:32:19] INFO: Cart page verified successfully
[2025-05-15 06:32:19] INFO: Step 11: Proceeding to checkout
[2025-05-15 06:32:20] INFO: Step 12: Verifying delivery address
[2025-05-15 06:32:21] INFO: Step 13: Verifying billing address
[2025-05-15 06:32:21] INFO: Verifying billing address
[2025-05-15 06:32:21] ERROR: Test Case 23: Verify address details in checkout page - FAILED
[2025-05-15 06:32:21] ERROR: Error details: Billing address mismatch. Expected: Los Angeles California 90001, Found: 
							Your billing address
							Mr. Test User
							Test Company
							123 Test Street
							Apt 4B
							Los Angeles California
								90001
							United States
							1234567890
						
[2025-05-15 06:32:21] INFO: Cleaning up: Closing browser
[2025-05-15 06:35:30] INFO: Starting Test Case 23: Verify address details in checkout page
[2025-05-15 06:35:31] INFO: Step 1: Browser launched successfully
[2025-05-15 06:35:31] INFO: Step 2: Navigating to automationexercise.com
[2025-05-15 06:35:55] INFO: Step 3: Verifying home page visibility
[2025-05-15 06:35:55] INFO: Step 4: Clicking Signup/Login button
[2025-05-15 06:35:56] INFO: Step 5: Filling signup details
[2025-05-15 06:35:59] INFO: Signup process completed
[2025-05-15 06:35:59] INFO: Step 6: Verifying account creation
[2025-05-15 06:36:00] INFO: Account creation verified successfully
[2025-05-15 06:36:00] INFO: Step 7: Verifying logged in status
[2025-05-15 06:36:00] INFO: Verifying logged in as Test User
[2025-05-15 06:36:01] INFO: Successfully verified logged in status
[2025-05-15 06:36:01] INFO: Step 8: Adding products to cart
[2025-05-15 06:36:03] INFO: Step 9: Clicking Cart button
[2025-05-15 06:36:03] INFO: Clicking Cart button
[2025-05-15 06:36:04] INFO: Step 10: Verifying cart page
[2025-05-15 06:36:04] INFO: Verifying cart page display
[2025-05-15 06:36:04] INFO: Cart page verified successfully
[2025-05-15 06:36:04] INFO: Step 11: Proceeding to checkout
[2025-05-15 06:36:05] INFO: Step 12: Verifying delivery address
[2025-05-15 06:36:06] INFO: Step 13: Verifying billing address
[2025-05-15 06:36:06] INFO: Step 14: Deleting account
[2025-05-15 06:36:06] INFO: Clicking Delete Account button
[2025-05-15 06:36:07] INFO: Step 15: Verifying account deletion
[2025-05-15 06:36:07] INFO: Verifying account deletion
[2025-05-15 06:36:08] INFO: Account deletion verified successfully
[2025-05-15 06:36:08] INFO: Test Case 23: Verify address details in checkout page - PASSED
[2025-05-15 06:36:08] INFO: Cleaning up: Closing browser
